<?xml version="1.0" encoding="UTF-8"?>
<testng-results skipped="0" failed="0" ignored="0" total="1" passed="1">
  <reporter-output>
  </reporter-output>
  <suite name="Default suite" duration-ms="7088" started-at="2018-06-27T07:34:58Z" finished-at="2018-06-27T07:35:05Z">
    <groups>
    </groups>
    <test name="Default test" duration-ms="7088" started-at="2018-06-27T07:34:58Z" finished-at="2018-06-27T07:35:05Z">
      <class name="homework.WebElements">
        <test-method status="PASS" signature="setUp()[pri:0, instance:homework.WebElements@70ab1ce0]" name="setUp" is-config="true" duration-ms="3227" started-at="2018-06-27T07:34:58Z" finished-at="2018-06-27T07:35:02Z">
          <reporter-output>
          </reporter-output>
        </test-method> <!-- setUp -->
        <test-method status="PASS" signature="homework()[pri:0, instance:homework.WebElements@70ab1ce0]" name="homework" duration-ms="3834" started-at="2018-06-27T07:35:02Z" finished-at="2018-06-27T07:35:05Z">
          <reporter-output>
          </reporter-output>
        </test-method> <!-- homework -->
      </class> <!-- homework.WebElements -->
    </test> <!-- Default test -->
  </suite> <!-- Default suite -->
</testng-results>
